2024-04-02 20:57:57 - carbontracker version 1.2.5
2024-04-02 20:57:57 - Only predicted and actual consumptions are multiplied by a PUE coefficient of 1.55 (Rhonda Ascierto, 2022, Uptime Institute Global Data Center Survey).
2024-04-02 20:57:57 - The following components were found: GPU with device(s) NVIDIA GeForce RTX 3060. CPU with device(s) cpu:0.
2024-04-02 20:57:57 - Monitoring thread started.
2024-04-02 20:58:06 - Epoch 2:
2024-04-02 20:58:06 - Duration: 0:00:08.28
2024-04-02 20:58:06 - Average power usage (W) for gpu: [21.146]
2024-04-02 20:58:06 - Average power usage (W) for cpu: [28.802661]
2024-04-02 20:58:14 - Epoch 3:
2024-04-02 20:58:14 - Duration: 0:00:07.97
2024-04-02 20:58:14 - Average power usage (W) for gpu: [48.221]
2024-04-02 20:58:14 - Average power usage (W) for cpu: [30.701459]
2024-04-02 20:58:22 - Epoch 4:
2024-04-02 20:58:22 - Duration: 0:00:08.02
2024-04-02 20:58:22 - Average power usage (W) for gpu: [47.91]
2024-04-02 20:58:22 - Average power usage (W) for cpu: [31.895549]
2024-04-02 20:58:30 - Epoch 5:
2024-04-02 20:58:30 - Duration: 0:00:08.00
2024-04-02 20:58:30 - Average power usage (W) for gpu: [47.91]
2024-04-02 20:58:30 - Average power usage (W) for cpu: [31.895549]
2024-04-02 20:58:38 - Epoch 6:
2024-04-02 20:58:38 - Duration: 0:00:08.24
2024-04-02 20:58:38 - Average power usage (W) for gpu: [45.711]
2024-04-02 20:58:38 - Average power usage (W) for cpu: [33.545141]
2024-04-02 20:58:46 - Epoch 7:
2024-04-02 20:58:46 - Duration: 0:00:08.13
2024-04-02 20:58:46 - Average power usage (W) for gpu: [49.272]
2024-04-02 20:58:46 - Average power usage (W) for cpu: [32.356545]
2024-04-02 20:58:55 - Epoch 8:
2024-04-02 20:58:55 - Duration: 0:00:08.19
2024-04-02 20:58:55 - Average power usage (W) for gpu: [49.074]
2024-04-02 20:58:55 - Average power usage (W) for cpu: [31.546428]
2024-04-02 20:59:03 - Epoch 9:
2024-04-02 20:59:03 - Duration: 0:00:08.00
2024-04-02 20:59:03 - Average power usage (W) for gpu: [49.074]
2024-04-02 20:59:03 - Average power usage (W) for cpu: [31.546428]
2024-04-02 20:59:10 - Epoch 10:
2024-04-02 20:59:10 - Duration: 0:00:07.92
2024-04-02 20:59:10 - Average power usage (W) for gpu: [49.682]
2024-04-02 20:59:10 - Average power usage (W) for cpu: [31.284832]
2024-04-02 20:59:18 - Epoch 11:
2024-04-02 20:59:18 - Duration: 0:00:07.98
2024-04-02 20:59:18 - Average power usage (W) for gpu: [48.402]
2024-04-02 20:59:18 - Average power usage (W) for cpu: [32.100565]
2024-04-02 20:59:26 - Epoch 12:
2024-04-02 20:59:26 - Duration: 0:00:07.89
2024-04-02 20:59:26 - Average power usage (W) for gpu: [43.369]
2024-04-02 20:59:26 - Average power usage (W) for cpu: None
2024-04-02 20:59:34 - Epoch 13:
2024-04-02 20:59:34 - Duration: 0:00:07.86
2024-04-02 20:59:34 - Average power usage (W) for gpu: [43.369]
2024-04-02 20:59:34 - Average power usage (W) for cpu: [32.157876]
2024-04-02 20:59:42 - Epoch 14:
2024-04-02 20:59:42 - Duration: 0:00:07.98
2024-04-02 20:59:42 - Average power usage (W) for gpu: [47.51]
2024-04-02 20:59:42 - Average power usage (W) for cpu: [31.970743]
2024-04-02 20:59:50 - Epoch 15:
2024-04-02 20:59:50 - Duration: 0:00:07.94
2024-04-02 20:59:50 - Average power usage (W) for gpu: [46.906]
2024-04-02 20:59:50 - Average power usage (W) for cpu: [35.075838]
2024-04-02 20:59:58 - Epoch 16:
2024-04-02 20:59:58 - Duration: 0:00:07.90
2024-04-02 20:59:58 - Average power usage (W) for gpu: [46.906]
2024-04-02 20:59:58 - Average power usage (W) for cpu: [35.075838]
2024-04-02 21:00:06 - Epoch 17:
2024-04-02 21:00:06 - Duration: 0:00:07.91
2024-04-02 21:00:06 - Average power usage (W) for gpu: [42.791]
2024-04-02 21:00:06 - Average power usage (W) for cpu: [32.973182]
2024-04-02 21:00:14 - Epoch 18:
2024-04-02 21:00:14 - Duration: 0:00:07.84
2024-04-02 21:00:14 - Average power usage (W) for gpu: [45.929]
2024-04-02 21:00:14 - Average power usage (W) for cpu: [31.759562]
2024-04-02 21:00:22 - Epoch 19:
2024-04-02 21:00:22 - Duration: 0:00:07.93
2024-04-02 21:00:22 - Average power usage (W) for gpu: [44.696]
2024-04-02 21:00:22 - Average power usage (W) for cpu: None
2024-04-02 21:00:30 - Epoch 20:
2024-04-02 21:00:30 - Duration: 0:00:07.91
2024-04-02 21:00:30 - Average power usage (W) for gpu: [44.696]
2024-04-02 21:00:30 - Average power usage (W) for cpu: [32.975684]
2024-04-02 21:00:30 - Carbon intensities (gCO2/kWh) fetched every 900 s at detected location Rio de Janeiro, Rio de Janeiro, BR: [141.77426]
2024-04-02 21:00:30 - Average carbon intensity during training was 141.77 gCO2/kWh at detected location: Rio de Janeiro, Rio de Janeiro, BR.
2024-04-02 21:00:30 - Monitoring thread ended.
