2024-03-31 21:21:56 - carbontracker version 1.2.5
2024-03-31 21:21:56 - Only predicted and actual consumptions are multiplied by a PUE coefficient of 1.55 (Rhonda Ascierto, 2022, Uptime Institute Global Data Center Survey).
2024-03-31 21:21:56 - The following components were found: GPU with device(s) NVIDIA GeForce RTX 3060. CPU with device(s) cpu:0.
2024-03-31 21:21:56 - Monitoring thread started.
2024-03-31 21:29:56 - Epoch 21:
2024-03-31 21:29:56 - Duration: 0:00:23.94
2024-03-31 21:29:56 - Average power usage (W) for gpu: [87.288]
2024-03-31 21:29:56 - Average power usage (W) for cpu: [31.7783915]
2024-03-31 21:37:56 - Epoch 42:
2024-03-31 21:37:56 - Duration: 0:00:23.91
2024-03-31 21:37:56 - Average power usage (W) for gpu: [86.278]
2024-03-31 21:37:56 - Average power usage (W) for cpu: [31.5661125]
2024-03-31 21:45:54 - Epoch 63:
2024-03-31 21:45:54 - Duration: 0:00:23.97
2024-03-31 21:45:54 - Average power usage (W) for gpu: [87.1395]
2024-03-31 21:45:54 - Average power usage (W) for cpu: [32.035166]
2024-03-31 21:53:53 - Epoch 84:
2024-03-31 21:53:53 - Duration: 0:00:23.82
2024-03-31 21:53:53 - Average power usage (W) for gpu: [87.582]
2024-03-31 21:53:53 - Average power usage (W) for cpu: [31.8222755]
2024-03-31 22:01:51 - Epoch 105:
2024-03-31 22:01:51 - Duration: 0:00:23.95
2024-03-31 22:01:51 - Average power usage (W) for gpu: [87.2585]
2024-03-31 22:01:51 - Average power usage (W) for cpu: [32.2502835]
2024-03-31 22:09:50 - Epoch 126:
2024-03-31 22:09:50 - Duration: 0:00:23.91
2024-03-31 22:09:50 - Average power usage (W) for gpu: [87.365]
2024-03-31 22:09:50 - Average power usage (W) for cpu: [31.9823705]
2024-03-31 22:17:47 - Epoch 147:
2024-03-31 22:17:47 - Duration: 0:00:23.83
2024-03-31 22:17:47 - Average power usage (W) for gpu: [87.707]
2024-03-31 22:17:47 - Average power usage (W) for cpu: [31.905131]
2024-03-31 22:25:44 - Epoch 168:
2024-03-31 22:25:44 - Duration: 0:00:23.89
2024-03-31 22:25:44 - Average power usage (W) for gpu: [87.428]
2024-03-31 22:25:44 - Average power usage (W) for cpu: [32.274606]
2024-03-31 22:33:43 - Epoch 189:
2024-03-31 22:33:43 - Duration: 0:00:24.00
2024-03-31 22:33:43 - Average power usage (W) for gpu: [87.11]
2024-03-31 22:33:43 - Average power usage (W) for cpu: [32.197916]
2024-03-31 22:41:41 - Epoch 210:
2024-03-31 22:41:41 - Duration: 0:00:23.83
2024-03-31 22:41:41 - Average power usage (W) for gpu: [87.5195]
2024-03-31 22:41:41 - Average power usage (W) for cpu: [32.0050755]
2024-03-31 22:41:43 - Training was interrupted before all 20 epochs were monitored.
2024-03-31 22:41:43 - Carbon intensities (gCO2/kWh) fetched every 900 s at detected location Rio de Janeiro, Rio de Janeiro, BR: [141.77426]
2024-03-31 22:41:43 - Average carbon intensity during training was 141.77 gCO2/kWh at detected location: Rio de Janeiro, Rio de Janeiro, BR.
2024-03-31 22:41:43 - Monitoring thread ended.
