2024-04-01 17:48:22 - carbontracker version 1.2.5
2024-04-01 17:48:22 - Only predicted and actual consumptions are multiplied by a PUE coefficient of 1.55 (Rhonda Ascierto, 2022, Uptime Institute Global Data Center Survey).
2024-04-01 17:48:22 - The following components were found: GPU with device(s) NVIDIA GeForce RTX 3060. CPU with device(s) cpu:0.
2024-04-01 17:48:22 - Monitoring thread started.
2024-04-01 17:48:30 - Epoch 2:
2024-04-01 17:48:30 - Duration: 0:00:08.04
2024-04-01 17:48:30 - Average power usage (W) for gpu: [19.107]
2024-04-01 17:48:30 - Average power usage (W) for cpu: [33.119239]
2024-04-01 17:48:38 - Epoch 3:
2024-04-01 17:48:38 - Duration: 0:00:07.91
2024-04-01 17:48:38 - Average power usage (W) for gpu: [47.97]
2024-04-01 17:48:38 - Average power usage (W) for cpu: [37.072781]
2024-04-01 17:48:46 - Epoch 4:
2024-04-01 17:48:46 - Duration: 0:00:07.91
2024-04-01 17:48:46 - Average power usage (W) for gpu: [48.299]
2024-04-01 17:48:46 - Average power usage (W) for cpu: [32.078348]
2024-04-01 17:48:54 - Epoch 5:
2024-04-01 17:48:54 - Duration: 0:00:07.86
2024-04-01 17:48:54 - Average power usage (W) for gpu: [48.299]
2024-04-01 17:48:54 - Average power usage (W) for cpu: [32.078348]
2024-04-01 17:49:02 - Epoch 6:
2024-04-01 17:49:02 - Duration: 0:00:07.88
2024-04-01 17:49:02 - Average power usage (W) for gpu: [48.582]
2024-04-01 17:49:02 - Average power usage (W) for cpu: [31.476787]
2024-04-01 17:49:10 - Epoch 7:
2024-04-01 17:49:10 - Duration: 0:00:07.86
2024-04-01 17:49:10 - Average power usage (W) for gpu: [48.867]
2024-04-01 17:49:10 - Average power usage (W) for cpu: [31.6533]
2024-04-01 17:49:18 - Epoch 8:
2024-04-01 17:49:18 - Duration: 0:00:07.85
2024-04-01 17:49:18 - Average power usage (W) for gpu: [42.329]
2024-04-01 17:49:18 - Average power usage (W) for cpu: None
2024-04-01 17:49:25 - Epoch 9:
2024-04-01 17:49:25 - Duration: 0:00:07.86
2024-04-01 17:49:25 - Average power usage (W) for gpu: [42.329]
2024-04-01 17:49:25 - Average power usage (W) for cpu: [32.158182]
2024-04-01 17:49:33 - Epoch 10:
2024-04-01 17:49:33 - Duration: 0:00:07.86
2024-04-01 17:49:33 - Average power usage (W) for gpu: [48.37]
2024-04-01 17:49:33 - Average power usage (W) for cpu: [31.564921]
2024-04-01 17:49:41 - Epoch 11:
2024-04-01 17:49:41 - Duration: 0:00:07.84
2024-04-01 17:49:41 - Average power usage (W) for gpu: [47.682]
2024-04-01 17:49:41 - Average power usage (W) for cpu: [32.04899]
2024-04-01 17:49:49 - Epoch 12:
2024-04-01 17:49:49 - Duration: 0:00:07.84
2024-04-01 17:49:49 - Average power usage (W) for gpu: [47.682]
2024-04-01 17:49:49 - Average power usage (W) for cpu: [32.04899]
2024-04-01 17:49:57 - Epoch 13:
2024-04-01 17:49:57 - Duration: 0:00:07.84
2024-04-01 17:49:57 - Average power usage (W) for gpu: [46.839]
2024-04-01 17:49:57 - Average power usage (W) for cpu: [31.68925]
2024-04-01 17:50:05 - Epoch 14:
2024-04-01 17:50:05 - Duration: 0:00:07.87
2024-04-01 17:50:05 - Average power usage (W) for gpu: [46.276]
2024-04-01 17:50:05 - Average power usage (W) for cpu: [32.188394]
2024-04-01 17:50:13 - Epoch 15:
2024-04-01 17:50:13 - Duration: 0:00:07.84
2024-04-01 17:50:13 - Average power usage (W) for gpu: [39.246]
2024-04-01 17:50:13 - Average power usage (W) for cpu: None
2024-04-01 17:50:20 - Epoch 16:
2024-04-01 17:50:20 - Duration: 0:00:07.90
2024-04-01 17:50:20 - Average power usage (W) for gpu: [39.246]
2024-04-01 17:50:20 - Average power usage (W) for cpu: [31.481792]
2024-04-01 17:50:28 - Epoch 17:
2024-04-01 17:50:28 - Duration: 0:00:07.84
2024-04-01 17:50:28 - Average power usage (W) for gpu: [45.343]
2024-04-01 17:50:28 - Average power usage (W) for cpu: [31.662882]
2024-04-01 17:50:36 - Epoch 18:
2024-04-01 17:50:36 - Duration: 0:00:07.84
2024-04-01 17:50:36 - Average power usage (W) for gpu: [45.811]
2024-04-01 17:50:36 - Average power usage (W) for cpu: [31.774333]
2024-04-01 17:50:44 - Epoch 19:
2024-04-01 17:50:44 - Duration: 0:00:07.83
2024-04-01 17:50:44 - Average power usage (W) for gpu: [45.811]
2024-04-01 17:50:44 - Average power usage (W) for cpu: [31.774333]
2024-04-01 17:50:52 - Epoch 20:
2024-04-01 17:50:52 - Duration: 0:00:07.85
2024-04-01 17:50:52 - Average power usage (W) for gpu: [46.278]
2024-04-01 17:50:52 - Average power usage (W) for cpu: [31.531536]
2024-04-01 17:50:52 - Carbon intensities (gCO2/kWh) fetched every 900 s at detected location Rio de Janeiro, Rio de Janeiro, BR: [141.77426]
2024-04-01 17:50:52 - Average carbon intensity during training was 141.77 gCO2/kWh at detected location: Rio de Janeiro, Rio de Janeiro, BR.
2024-04-01 17:50:52 - Monitoring thread ended.
