2024-03-31 19:24:19 - carbontracker version 1.2.5
2024-03-31 19:24:19 - Only predicted and actual consumptions are multiplied by a PUE coefficient of 1.55 (Rhonda Ascierto, 2022, Uptime Institute Global Data Center Survey).
2024-03-31 19:24:19 - The following components were found: GPU with device(s) NVIDIA GeForce RTX 3060. CPU with device(s) cpu:0.
2024-03-31 19:24:19 - Monitoring thread started.
2024-03-31 19:24:27 - Epoch 2:
2024-03-31 19:24:27 - Duration: 0:00:08.14
2024-03-31 19:24:27 - Average power usage (W) for gpu: [17.523]
2024-03-31 19:24:27 - Average power usage (W) for cpu: [30.725324]
2024-03-31 19:24:35 - Epoch 3:
2024-03-31 19:24:35 - Duration: 0:00:08.10
2024-03-31 19:24:35 - Average power usage (W) for gpu: [48.594]
2024-03-31 19:24:35 - Average power usage (W) for cpu: [30.471052]
2024-03-31 19:24:43 - Epoch 4:
2024-03-31 19:24:43 - Duration: 0:00:08.05
2024-03-31 19:24:43 - Average power usage (W) for gpu: [48.188]
2024-03-31 19:24:43 - Average power usage (W) for cpu: [31.304486]
2024-03-31 19:24:51 - Epoch 5:
2024-03-31 19:24:51 - Duration: 0:00:08.14
2024-03-31 19:24:51 - Average power usage (W) for gpu: [48.188]
2024-03-31 19:24:51 - Average power usage (W) for cpu: [31.304486]
2024-03-31 19:24:59 - Epoch 6:
2024-03-31 19:24:59 - Duration: 0:00:08.02
2024-03-31 19:24:59 - Average power usage (W) for gpu: [44.461]
2024-03-31 19:24:59 - Average power usage (W) for cpu: [32.051493]
2024-03-31 19:25:07 - Epoch 7:
2024-03-31 19:25:07 - Duration: 0:00:07.95
2024-03-31 19:25:07 - Average power usage (W) for gpu: [49.442]
2024-03-31 19:25:07 - Average power usage (W) for cpu: [33.190589]
2024-03-31 19:25:15 - Epoch 8:
2024-03-31 19:25:15 - Duration: 0:00:07.99
2024-03-31 19:25:15 - Average power usage (W) for gpu: [48.948]
2024-03-31 19:25:15 - Average power usage (W) for cpu: [29.563645]
2024-03-31 19:25:23 - Epoch 9:
2024-03-31 19:25:23 - Duration: 0:00:08.01
2024-03-31 19:25:23 - Average power usage (W) for gpu: [48.948]
2024-03-31 19:25:23 - Average power usage (W) for cpu: [29.563645]
2024-03-31 19:25:31 - Epoch 10:
2024-03-31 19:25:31 - Duration: 0:00:07.94
2024-03-31 19:25:31 - Average power usage (W) for gpu: [49.606]
2024-03-31 19:25:31 - Average power usage (W) for cpu: [31.076153]
2024-03-31 19:25:39 - Epoch 11:
2024-03-31 19:25:39 - Duration: 0:00:07.95
2024-03-31 19:25:39 - Average power usage (W) for gpu: [48.751]
2024-03-31 19:25:39 - Average power usage (W) for cpu: [31.317425]
2024-03-31 19:25:47 - Epoch 12:
2024-03-31 19:25:47 - Duration: 0:00:07.94
2024-03-31 19:25:47 - Average power usage (W) for gpu: [40.433]
2024-03-31 19:25:47 - Average power usage (W) for cpu: None
2024-03-31 19:25:55 - Epoch 13:
2024-03-31 19:25:55 - Duration: 0:00:07.95
2024-03-31 19:25:55 - Average power usage (W) for gpu: [40.433]
2024-03-31 19:25:55 - Average power usage (W) for cpu: [31.401897]
2024-03-31 19:26:03 - Epoch 14:
2024-03-31 19:26:03 - Duration: 0:00:07.93
2024-03-31 19:26:03 - Average power usage (W) for gpu: [47.401]
2024-03-31 19:26:03 - Average power usage (W) for cpu: [31.338054]
2024-03-31 19:26:11 - Epoch 15:
2024-03-31 19:26:11 - Duration: 0:00:07.95
2024-03-31 19:26:11 - Average power usage (W) for gpu: [46.908]
2024-03-31 19:26:11 - Average power usage (W) for cpu: [31.546184]
2024-03-31 19:26:19 - Epoch 16:
2024-03-31 19:26:19 - Duration: 0:00:07.95
2024-03-31 19:26:19 - Average power usage (W) for gpu: [46.908]
2024-03-31 19:26:19 - Average power usage (W) for cpu: [31.546184]
2024-03-31 19:26:27 - Epoch 17:
2024-03-31 19:26:27 - Duration: 0:00:07.97
2024-03-31 19:26:27 - Average power usage (W) for gpu: [44.494]
2024-03-31 19:26:27 - Average power usage (W) for cpu: [31.111127]
2024-03-31 19:26:35 - Epoch 18:
2024-03-31 19:26:35 - Duration: 0:00:08.10
2024-03-31 19:26:35 - Average power usage (W) for gpu: [47.659]
2024-03-31 19:26:35 - Average power usage (W) for cpu: [33.440589]
2024-03-31 19:26:43 - Epoch 19:
2024-03-31 19:26:43 - Duration: 0:00:08.26
2024-03-31 19:26:43 - Average power usage (W) for gpu: [50.415]
2024-03-31 19:26:43 - Average power usage (W) for cpu: [32.461465]
2024-03-31 19:26:51 - Epoch 20:
2024-03-31 19:26:51 - Duration: 0:00:08.00
2024-03-31 19:26:51 - Average power usage (W) for gpu: [50.415]
2024-03-31 19:26:51 - Average power usage (W) for cpu: [32.461465]
2024-03-31 19:26:51 - Carbon intensities (gCO2/kWh) fetched every 900 s at detected location Rio de Janeiro, Rio de Janeiro, BR: [141.77426]
2024-03-31 19:26:51 - Average carbon intensity during training was 141.77 gCO2/kWh at detected location: Rio de Janeiro, Rio de Janeiro, BR.
2024-03-31 19:26:51 - Monitoring thread ended.
