2024-03-28 18:41:39 - CarbonTracker: The following components were found: GPU with device(s) NVIDIA GeForce RTX 3060. CPU with device(s) cpu:0.
2024-03-28 18:42:02 - CarbonTracker: Live carbon intensity could not be fetched at detected location: Nova Iguaçu, Rio de Janeiro, BR. Defaulted to average carbon intensity for BR in 2021 of 141.77 gCO2/kWh. at detected location: Nova Iguaçu, Rio de Janeiro, BR.
2024-03-28 18:42:02 - CarbonTracker: 
Predicted consumption for 20 epoch(s):
	Time:	0:07:26
	Energy:	0.018480463073 kWh
	CO2eq:	2.620053976604 g
	This is equivalent to:
	0.024372595131 km travelled by car
2024-03-28 18:49:43 - CarbonTracker: Average carbon intensity during training was 141.77 gCO2/kWh at detected location: Nova Iguaçu, Rio de Janeiro, BR.
2024-03-28 18:49:43 - CarbonTracker: 
Actual consumption for 20 epoch(s):
	Time:	0:07:20
	Energy:	0.020899040524 kWh
	CO2eq:	2.962946005047 g
	This is equivalent to:
	0.027562288419 km travelled by car
2024-03-28 18:49:43 - CarbonTracker: Finished monitoring.
2024-03-28 20:02:29 - CarbonTracker: The following components were found: GPU with device(s) NVIDIA GeForce RTX 3060. CPU with device(s) cpu:0.
2024-03-28 20:02:54 - CarbonTracker: Live carbon intensity could not be fetched at detected location: Nova Iguaçu, Rio de Janeiro, BR. Defaulted to average carbon intensity for BR in 2021 of 141.77 gCO2/kWh. at detected location: Nova Iguaçu, Rio de Janeiro, BR.
2024-03-28 20:02:54 - CarbonTracker: 
Predicted consumption for 20 epoch(s):
	Time:	0:07:59
	Energy:	0.022990736218 kWh
	CO2eq:	3.259494614154 g
	This is equivalent to:
	0.030320880132 km travelled by car
2024-03-28 20:10:41 - CarbonTracker: Average carbon intensity during training was 141.77 gCO2/kWh at detected location: Nova Iguaçu, Rio de Janeiro, BR.
2024-03-28 20:10:41 - CarbonTracker: 
Actual consumption for 20 epoch(s):
	Time:	0:07:28
	Energy:	0.022612775476 kWh
	CO2eq:	3.205909509619 g
	This is equivalent to:
	0.029822414043 km travelled by car
2024-03-28 20:10:41 - CarbonTracker: Finished monitoring.
