2024-04-02 14:40:57 - carbontracker version 1.2.5
2024-04-02 14:40:57 - Only predicted and actual consumptions are multiplied by a PUE coefficient of 1.55 (Rhonda Ascierto, 2022, Uptime Institute Global Data Center Survey).
2024-04-02 14:40:57 - The following components were found: GPU with device(s) NVIDIA GeForce RTX 3060. CPU with device(s) cpu:0.
2024-04-02 14:40:57 - Monitoring thread started.
2024-04-02 14:41:33 - Epoch 2:
2024-04-02 14:41:33 - Duration: 0:00:35.33
2024-04-02 14:41:33 - Average power usage (W) for gpu: [79.476]
2024-04-02 14:41:33 - Average power usage (W) for cpu: [33.5691585]
2024-04-02 14:42:08 - Epoch 3:
2024-04-02 14:42:08 - Duration: 0:00:35.22
2024-04-02 14:42:08 - Average power usage (W) for gpu: [91.62433333]
2024-04-02 14:42:08 - Average power usage (W) for cpu: [35.68384833]
2024-04-02 14:42:41 - Epoch 4:
2024-04-02 14:42:41 - Duration: 0:00:33.06
2024-04-02 14:42:41 - Average power usage (W) for gpu: [98.981]
2024-04-02 14:42:41 - Average power usage (W) for cpu: [32.46624633]
2024-04-02 14:43:14 - Epoch 5:
2024-04-02 14:43:14 - Duration: 0:00:33.05
2024-04-02 14:43:14 - Average power usage (W) for gpu: [98.96933333]
2024-04-02 14:43:14 - Average power usage (W) for cpu: [32.46771067]
2024-04-02 14:43:47 - Epoch 6:
2024-04-02 14:43:47 - Duration: 0:00:33.07
2024-04-02 14:43:47 - Average power usage (W) for gpu: [98.943]
2024-04-02 14:43:47 - Average power usage (W) for cpu: [32.158711]
2024-04-02 14:44:20 - Epoch 7:
2024-04-02 14:44:20 - Duration: 0:00:33.06
2024-04-02 14:44:20 - Average power usage (W) for gpu: [99.12866667]
2024-04-02 14:44:20 - Average power usage (W) for cpu: [32.73024267]
2024-04-02 14:44:53 - Epoch 8:
2024-04-02 14:44:53 - Duration: 0:00:33.07
2024-04-02 14:44:53 - Average power usage (W) for gpu: [99.09966667]
2024-04-02 14:44:53 - Average power usage (W) for cpu: [32.63036867]
2024-04-02 14:45:27 - Epoch 9:
2024-04-02 14:45:27 - Duration: 0:00:33.11
2024-04-02 14:45:27 - Average power usage (W) for gpu: [99.19733333]
2024-04-02 14:45:27 - Average power usage (W) for cpu: [32.759865]
2024-04-02 14:46:00 - Epoch 10:
2024-04-02 14:46:00 - Duration: 0:00:33.72
2024-04-02 14:46:00 - Average power usage (W) for gpu: [98.35666667]
2024-04-02 14:46:00 - Average power usage (W) for cpu: [34.307692]
2024-04-02 14:46:33 - Epoch 11:
2024-04-02 14:46:33 - Duration: 0:00:33.15
2024-04-02 14:46:33 - Average power usage (W) for gpu: [98.844]
2024-04-02 14:46:33 - Average power usage (W) for cpu: [33.26277267]
2024-04-02 14:47:07 - Epoch 12:
2024-04-02 14:47:07 - Duration: 0:00:33.81
2024-04-02 14:47:07 - Average power usage (W) for gpu: [97.70466667]
2024-04-02 14:47:07 - Average power usage (W) for cpu: [34.14948967]
2024-04-02 14:47:41 - Epoch 13:
2024-04-02 14:47:41 - Duration: 0:00:33.57
2024-04-02 14:47:41 - Average power usage (W) for gpu: [97.983]
2024-04-02 14:47:41 - Average power usage (W) for cpu: [33.35161967]
2024-04-02 14:48:15 - Epoch 14:
2024-04-02 14:48:15 - Duration: 0:00:33.92
2024-04-02 14:48:15 - Average power usage (W) for gpu: [97.55233333]
2024-04-02 14:48:15 - Average power usage (W) for cpu: [33.13710167]
2024-04-02 14:48:49 - Epoch 15:
2024-04-02 14:48:49 - Duration: 0:00:34.34
2024-04-02 14:48:49 - Average power usage (W) for gpu: [96.25566667]
2024-04-02 14:48:49 - Average power usage (W) for cpu: [37.90611233]
2024-04-02 14:49:24 - Epoch 16:
2024-04-02 14:49:24 - Duration: 0:00:34.58
2024-04-02 14:49:24 - Average power usage (W) for gpu: [91.32025]
2024-04-02 14:49:24 - Average power usage (W) for cpu: [38.27659467]
2024-04-02 14:49:57 - Epoch 17:
2024-04-02 14:49:57 - Duration: 0:00:33.45
2024-04-02 14:49:57 - Average power usage (W) for gpu: [92.14866667]
2024-04-02 14:49:57 - Average power usage (W) for cpu: [33.032539]
2024-04-02 14:50:31 - Epoch 18:
2024-04-02 14:50:31 - Duration: 0:00:33.81
2024-04-02 14:50:31 - Average power usage (W) for gpu: [91.56533333]
2024-04-02 14:50:31 - Average power usage (W) for cpu: [33.62041733]
2024-04-02 14:51:04 - Epoch 19:
2024-04-02 14:51:04 - Duration: 0:00:33.55
2024-04-02 14:51:04 - Average power usage (W) for gpu: [92.60566667]
2024-04-02 14:51:04 - Average power usage (W) for cpu: [32.938311]
2024-04-02 14:51:38 - Epoch 20:
2024-04-02 14:51:38 - Duration: 0:00:33.58
2024-04-02 14:51:38 - Average power usage (W) for gpu: [92.955]
2024-04-02 14:51:38 - Average power usage (W) for cpu: [33.711177]
2024-04-02 14:51:38 - Carbon intensities (gCO2/kWh) fetched every 900 s at detected location Rio de Janeiro, Rio de Janeiro, BR: [141.77426]
2024-04-02 14:51:38 - Average carbon intensity during training was 141.77 gCO2/kWh at detected location: Rio de Janeiro, Rio de Janeiro, BR.
2024-04-02 14:51:38 - Monitoring thread ended.
