2024-04-01 16:18:57 - carbontracker version 1.2.5
2024-04-01 16:18:57 - Only predicted and actual consumptions are multiplied by a PUE coefficient of 1.55 (Rhonda Ascierto, 2022, Uptime Institute Global Data Center Survey).
2024-04-01 16:18:57 - The following components were found: GPU with device(s) NVIDIA GeForce RTX 3060. CPU with device(s) cpu:0.
2024-04-01 16:18:57 - Monitoring thread started.
2024-04-01 16:19:21 - Epoch 2:
2024-04-01 16:19:21 - Duration: 0:00:24.17
2024-04-01 16:19:21 - Average power usage (W) for gpu: [76.64533333]
2024-04-01 16:19:21 - Average power usage (W) for cpu: [34.1631]
2024-04-01 16:19:46 - Epoch 3:
2024-04-01 16:19:46 - Duration: 0:00:25.14
2024-04-01 16:19:46 - Average power usage (W) for gpu: [98.3795]
2024-04-01 16:19:46 - Average power usage (W) for cpu: [33.925572]
2024-04-01 16:20:12 - Epoch 4:
2024-04-01 16:20:12 - Duration: 0:00:25.41
2024-04-01 16:20:12 - Average power usage (W) for gpu: [97.5405]
2024-04-01 16:20:12 - Average power usage (W) for cpu: [35.7624815]
2024-04-01 16:20:37 - Epoch 5:
2024-04-01 16:20:37 - Duration: 0:00:25.37
2024-04-01 16:20:37 - Average power usage (W) for gpu: [92.39533333]
2024-04-01 16:20:37 - Average power usage (W) for cpu: [33.792394]
2024-04-01 16:21:03 - Epoch 6:
2024-04-01 16:21:03 - Duration: 0:00:25.43
2024-04-01 16:21:03 - Average power usage (W) for gpu: [97.5615]
2024-04-01 16:21:03 - Average power usage (W) for cpu: [33.5846305]
2024-04-01 16:21:28 - Epoch 7:
2024-04-01 16:21:28 - Duration: 0:00:25.21
2024-04-01 16:21:28 - Average power usage (W) for gpu: [96.8145]
2024-04-01 16:21:28 - Average power usage (W) for cpu: [34.258915]
2024-04-01 16:21:53 - Epoch 8:
2024-04-01 16:21:53 - Duration: 0:00:25.57
2024-04-01 16:21:53 - Average power usage (W) for gpu: [90.03466667]
2024-04-01 16:21:53 - Average power usage (W) for cpu: [36.3941025]
2024-04-01 16:22:19 - Epoch 9:
2024-04-01 16:22:19 - Duration: 0:00:25.51
2024-04-01 16:22:19 - Average power usage (W) for gpu: [96.925]
2024-04-01 16:22:19 - Average power usage (W) for cpu: [33.618718]
2024-04-01 16:22:45 - Epoch 10:
2024-04-01 16:22:45 - Duration: 0:00:25.59
2024-04-01 16:22:45 - Average power usage (W) for gpu: [96.344]
2024-04-01 16:22:45 - Average power usage (W) for cpu: [43.6279705]
2024-04-01 16:23:10 - Epoch 11:
2024-04-01 16:23:10 - Duration: 0:00:25.31
2024-04-01 16:23:10 - Average power usage (W) for gpu: [97.2105]
2024-04-01 16:23:10 - Average power usage (W) for cpu: [34.500553]
2024-04-01 16:23:35 - Epoch 12:
2024-04-01 16:23:35 - Duration: 0:00:25.42
2024-04-01 16:23:35 - Average power usage (W) for gpu: [92.29533333]
2024-04-01 16:23:35 - Average power usage (W) for cpu: [34.005874]
2024-04-01 16:24:00 - Epoch 13:
2024-04-01 16:24:00 - Duration: 0:00:25.02
2024-04-01 16:24:00 - Average power usage (W) for gpu: [98.374]
2024-04-01 16:24:00 - Average power usage (W) for cpu: [33.172095]
2024-04-01 16:24:25 - Epoch 14:
2024-04-01 16:24:25 - Duration: 0:00:24.97
2024-04-01 16:24:25 - Average power usage (W) for gpu: [98.416]
2024-04-01 16:24:25 - Average power usage (W) for cpu: [33.0411755]
2024-04-01 16:24:50 - Epoch 15:
2024-04-01 16:24:50 - Duration: 0:00:25.01
2024-04-01 16:24:50 - Average power usage (W) for gpu: [93.44433333]
2024-04-01 16:24:50 - Average power usage (W) for cpu: [32.983721]
2024-04-01 16:25:15 - Epoch 16:
2024-04-01 16:25:15 - Duration: 0:00:25.00
2024-04-01 16:25:15 - Average power usage (W) for gpu: [98.8935]
2024-04-01 16:25:15 - Average power usage (W) for cpu: [33.088874]
2024-04-01 16:25:40 - Epoch 17:
2024-04-01 16:25:40 - Duration: 0:00:25.16
2024-04-01 16:25:40 - Average power usage (W) for gpu: [98.6055]
2024-04-01 16:25:40 - Average power usage (W) for cpu: [36.0034475]
2024-04-01 16:26:06 - Epoch 18:
2024-04-01 16:26:06 - Duration: 0:00:25.51
2024-04-01 16:26:06 - Average power usage (W) for gpu: [98.0705]
2024-04-01 16:26:06 - Average power usage (W) for cpu: [35.0202045]
2024-04-01 16:26:31 - Epoch 19:
2024-04-01 16:26:31 - Duration: 0:00:25.20
2024-04-01 16:26:31 - Average power usage (W) for gpu: [92.75133333]
2024-04-01 16:26:31 - Average power usage (W) for cpu: [34.51289167]
2024-04-01 16:26:57 - Epoch 20:
2024-04-01 16:26:57 - Duration: 0:00:25.38
2024-04-01 16:26:57 - Average power usage (W) for gpu: [97.7145]
2024-04-01 16:26:57 - Average power usage (W) for cpu: [42.3523395]
2024-04-01 16:26:57 - Carbon intensities (gCO2/kWh) fetched every 900 s at detected location Rio de Janeiro, Rio de Janeiro, BR: [141.77426]
2024-04-01 16:26:57 - Average carbon intensity during training was 141.77 gCO2/kWh at detected location: Rio de Janeiro, Rio de Janeiro, BR.
2024-04-01 16:26:57 - Monitoring thread ended.
